<?xml version="1.0" encoding="UTF-8"?>
<testsuite name="regression Test"
           tests="3"
           failures="0"
           errors="0"
           skipped="0"
           time="4.366">
  <properties />
  
  
            <testcase name="verifyUserShouldNavigateToComponentsPageSuccessfully" time="1.239" classname="com.tutorialsninja.testsuite.TopmenuTest" />
                <testcase name="verifyUserShouldNavigateToLaptopsAndNotebooksPageSuccessfully" time="1.514" classname="com.tutorialsninja.testsuite.TopmenuTest" />
                <testcase name="verifyUserShouldNavigateToDesktopsPageSuccessfully" time="1.613" classname="com.tutorialsninja.testsuite.TopmenuTest" />
      
</testsuite>
